<?xml version="1.0" encoding="UTF-8"?>
<testsuite xmlns:xsi="http://www.w3.org/2001/XMLSchema-instance" xsi:noNamespaceSchemaLocation="https://maven.apache.org/surefire/maven-surefire-plugin/xsd/surefire-test-report.xsd" version="3.0.2" name="br.com.fiap.ex_semana3.ExSemana3ApplicationTests" time="4.338" tests="1" errors="0" skipped="0" failures="0" flakes="0">
  <properties>
[...]
</properties>
  <testcase name="contextLoads" classname="br.com.fiap.ex_semana3.ExSemana3ApplicationTests" time="0.465">
    <system-out><![CDATA[22:55:55.547 [main] INFO org.springframework.test.context.support.AnnotationConfigContextLoaderUtils -- Could not detect default configuration classes for test class [br.com.fiap.ex_semana3.ExSemana3ApplicationTests]: ExSemana3ApplicationTests does not declare any static, non-private, non-final, nested classes annotated with @Configuration.
22:55:55.631 [main] INFO org.springframework.boot.test.context.SpringBootTestContextBootstrapper -- Found @SpringBootConfiguration br.com.fiap.ex_semana3.ExSemana3Application for test class br.com.fiap.ex_semana3.ExSemana3ApplicationTests
22:55:55.708 [main] INFO org.springframework.test.context.support.AnnotationConfigContextLoaderUtils -- Could not detect default configuration classes for test class [br.com.fiap.ex_semana3.ExSemana3ApplicationTests]: ExSemana3ApplicationTests does not declare any static, non-private, non-final, nested classes annotated with @Configuration.
22:55:55.710 [main] INFO org.springframework.boot.test.context.SpringBootTestContextBootstrapper -- Found @SpringBootConfiguration br.com.fiap.ex_semana3.ExSemana3Application for test class br.com.fiap.ex_semana3.ExSemana3ApplicationTests

  .   ____          _            __ _ _
 /\\ / ___'_ __ _ _(_)_ __  __ _ \ \ \ \
( ( )\___ | '_ | '_| | '_ \/ _` | \ \ \ \
 \\/  ___)| |_)| | | | | || (_| |  ) ) ) )
  '  |____| .__|_| |_|_| |_\__, | / / / /
 =========|_|==============|___/=/_/_/_/

 :: Spring Boot ::                (v4.1.1)

2026-08-28T22:55:56.078-03:00  INFO 28476 --- [ex-semana3] [           main] b.c.f.e.ExSemana3ApplicationTests        : Starting ExSemana3ApplicationTests using Java 21.0.12 with PID 28476 (started by FALK in C:\Users\FALK\Downloads\ex-semana3\ex-semana3)
2026-08-28T22:55:56.080-03:00  INFO 28476 --- [ex-semana3] [           main] b.c.f.e.ExSemana3ApplicationTests        : No active profile set, falling back to 1 default profile: "default"
2026-08-28T22:55:56.725-03:00  INFO 28476 --- [ex-semana3] [           main] .s.d.r.c.RepositoryConfigurationDelegate : Bootstrapping Spring Data JPA repositories in DEFAULT mode.
2026-08-28T22:55:56.747-03:00  INFO 28476 --- [ex-semana3] [           main] .s.d.r.c.RepositoryConfigurationDelegate : Finished Spring Data repository scanning in 11 ms. Found 0 JPA repository interfaces.
2026-08-28T22:55:57.229-03:00  INFO 28476 --- [ex-semana3] [           main] org.hibernate.orm.jpa                    : HHH008540: Processing PersistenceUnitInfo [name: default]
2026-08-28T22:55:57.303-03:00  INFO 28476 --- [ex-semana3] [           main] org.hibernate.orm.core                   : HHH000001: Hibernate ORM core version 7.4.5.Final
2026-08-28T22:55:57.838-03:00  INFO 28476 --- [ex-semana3] [           main] o.s.o.j.p.SpringPersistenceUnitInfo      : No LoadTimeWeaver setup: ignoring JPA class transformer
2026-08-28T22:55:57.865-03:00  INFO 28476 --- [ex-semana3] [           main] com.zaxxer.hikari.HikariDataSource       : HikariPool-1 - Starting...
2026-08-28T22:55:58.055-03:00  INFO 28476 --- [ex-semana3] [           main] com.zaxxer.hikari.pool.HikariPool        : HikariPool-1 - Added connection conn0: url=jdbc:h2:file:./data/projectmgt user=SA
2026-08-28T22:55:58.056-03:00  INFO 28476 --- [ex-semana3] [           main] com.zaxxer.hikari.HikariDataSource       : HikariPool-1 - Start completed.
2026-08-28T22:55:58.108-03:00  INFO 28476 --- [ex-semana3] [           main] org.hibernate.orm.connections.pooling    : HHH10001005: Database info:
	Database JDBC URL [jdbc:h2:file:./data/projectmgt]
	Database driver: H2 JDBC Driver
	Database dialect: H2Dialect
	Database version: 2.4.240
	Default catalog/schema: PROJECTMGT/PUBLIC
	Autocommit mode: undefined/unknown
	Isolation level: READ_COMMITTED [default READ_COMMITTED]
	JDBC fetch size: 100
	Pool: DataSourceConnectionProvider
	Minimum pool size: undefined/unknown
	Maximum pool size: undefined/unknown
2026-08-28T22:55:58.405-03:00  INFO 28476 --- [ex-semana3] [           main] org.hibernate.orm.core                   : HHH000489: No JTA platform available (set 'hibernate.transaction.jta.platform' to enable JTA platform integration)
2026-08-28T22:55:58.445-03:00  INFO 28476 --- [ex-semana3] [           main] j.LocalContainerEntityManagerFactoryBean : Initialized JPA EntityManagerFactory for persistence unit 'default'
2026-08-28T22:55:58.521-03:00  WARN 28476 --- [ex-semana3] [           main] JpaBaseConfiguration$JpaWebConfiguration : spring.jpa.open-in-view is enabled by default. Therefore, database queries may be performed during view rendering. Explicitly configure spring.jpa.open-in-view to disable this warning
2026-08-28T22:55:59.047-03:00  INFO 28476 --- [ex-semana3] [           main] o.s.b.h.a.H2ConsoleAutoConfiguration     : H2 console available at '/h2-console'. Database available at 'jdbc:h2:file:./data/projectmgt'
2026-08-28T22:55:59.185-03:00  INFO 28476 --- [ex-semana3] [           main] b.c.f.e.ExSemana3ApplicationTests        : Started ExSemana3ApplicationTests in 3.408 seconds (process running for 4.464)
]]></system-out>
    <system-err><![CDATA[Mockito is currently self-attaching to enable the inline-mock-maker. This will no longer work in future releases of the JDK. Please add Mockito as an agent to your build as described in Mockito's documentation: https://javadoc.io/doc/org.mockito/mockito-core/latest/org.mockito/org/mockito/Mockito.html#0.3
WARNING: A Java agent has been loaded dynamically (C:\Users\FALK\.m2\repository\net\bytebuddy\byte-buddy-agent\1.18.11\byte-buddy-agent-1.18.11.jar)
WARNING: If a serviceability tool is in use, please run with -XX:+EnableDynamicAgentLoading to hide this warning
WARNING: If a serviceability tool is not in use, please run with -Djdk.instrument.traceUsage for more information
WARNING: Dynamic loading of agents will be disallowed by default in a future release
]]></system-err>
  </testcase>
</testsuite>